<?xml version="1.0" encoding="UTF-8"?>
<!-- Generated by org.testng.reporters.JUnitReportReporter -->
<testsuite hostname="DFW22AAA081819" failures="0" tests="2" name="restAssured.RestGet" time="4.951" errors="0" timestamp="2021-10-08T14:50:45 CDT" skipped="0">
  <testcase classname="restAssured.RestGet" name="testCase1" time="2.836"/>
  <system-out/>
  <testcase classname="restAssured.RestGet" name="testCase2" time="2.115"/>
  <system-out/>
</testsuite> <!-- restAssured.RestGet -->
